{
  "stats": {
    "suites": 1,
    "tests": 1,
    "passes": 1,
    "pending": 0,
    "failures": 0,
    "start": "2022-11-22T07:10:12.949Z",
    "end": "2022-11-22T07:10:13.127Z",
    "duration": 178,
    "testsRegistered": 1,
    "passPercent": 100,
    "pendingPercent": 0,
    "other": 0,
    "hasOther": false,
    "skipped": 0,
    "hasSkipped": false,
    "passPercentClass": "success",
    "pendingPercentClass": "danger"
  },
  "suites": {
    "uuid": "1eb6c2b4-796b-4da7-bd6e-b0b34763a23c",
    "title": "",
    "fullFile": "",
    "file": "",
    "beforeHooks": [],
    "afterHooks": [],
    "tests": [],
    "suites": [
      {
        "uuid": "f4b8b930-0b79-4987-be61-28f5d7b8e546",
        "title": "Get Soal 2",
        "fullFile": "/Users/RV0335/Documents/stockbit/api-test/api/soal2.js",
        "file": "/api/soal2.js",
        "beforeHooks": [],
        "afterHooks": [],
        "tests": [
          {
            "title": "Get Soal all page",
            "fullTitle": "Get Soal 2 Get Soal all page",
            "timedOut": false,
            "duration": 174,
            "state": "passed",
            "speed": "slow",
            "pass": true,
            "fail": false,
            "pending": false,
            "code": "const res = await supertest(\"https://api.punkapi.com/\")\n  .get(\"v2/beers\")\n  .retry(3)\n  .expect(200);\nconsole.log(res.body[0].name);\n     \n     assert(res.body[0].name).to.be.equal('Buzz')",
            "err": {},
            "isRoot": false,
            "uuid": "933c57fc-6203-4abb-99ff-9c13ae7b4504",
            "isHook": false,
            "skipped": false
          }
        ],
        "suites": [],
        "passes": [
          "933c57fc-6203-4abb-99ff-9c13ae7b4504"
        ],
        "failures": [],
        "pending": [],
        "skipped": [],
        "duration": 174,
        "root": false,
        "rootEmpty": false,
        "_timeout": 180000
      }
    ],
    "passes": [],
    "failures": [],
    "pending": [],
    "skipped": [],
    "duration": 0,
    "root": true,
    "rootEmpty": true,
    "_timeout": 180000
  },
  "copyrightYear": 2022
}