{
  "stats": {
    "suites": 1,
    "tests": 1,
    "passes": 1,
    "pending": 0,
    "failures": 0,
    "start": "2022-11-23T10:17:31.082Z",
    "end": "2022-11-23T10:17:31.471Z",
    "duration": 389,
    "testsRegistered": 1,
    "passPercent": 100,
    "pendingPercent": 0,
    "other": 0,
    "hasOther": false,
    "skipped": 0,
    "hasSkipped": false,
    "passPercentClass": "success",
    "pendingPercentClass": "danger"
  },
  "suites": {
    "uuid": "d77bbb34-d604-4121-870e-5c5dda067c72",
    "title": "",
    "fullFile": "",
    "file": "",
    "beforeHooks": [],
    "afterHooks": [],
    "tests": [],
    "suites": [
      {
        "uuid": "a447b5f8-1dc2-40c5-8f86-9783cea9c0ab",
        "title": "Get Soal 2",
        "fullFile": "/Users/RV0335/Documents/stockbit/api-test/api/soal2.js",
        "file": "/api/soal2.js",
        "beforeHooks": [],
        "afterHooks": [],
        "tests": [
          {
            "title": "Get Soal all page",
            "fullTitle": "Get Soal 2 Get Soal all page",
            "timedOut": false,
            "duration": 385,
            "state": "passed",
            "speed": "slow",
            "pass": true,
            "fail": false,
            "pending": false,
            "code": "const res = await supertest(\"https://api.punkapi.com/\")\n  .get(\"v2/beers\")\n  .retry(3)\n  .expect(200);\nconsole.log(res.body[0].name);\n     \n     assert(res.body[0].name).to.be.equal('Buzz')",
            "err": {},
            "isRoot": false,
            "uuid": "2eea75db-6956-4033-bff8-d5b45aeabd5c",
            "isHook": false,
            "skipped": false
          }
        ],
        "suites": [],
        "passes": [
          "2eea75db-6956-4033-bff8-d5b45aeabd5c"
        ],
        "failures": [],
        "pending": [],
        "skipped": [],
        "duration": 385,
        "root": false,
        "rootEmpty": false,
        "_timeout": 180000
      }
    ],
    "passes": [],
    "failures": [],
    "pending": [],
    "skipped": [],
    "duration": 0,
    "root": true,
    "rootEmpty": true,
    "_timeout": 180000
  },
  "copyrightYear": 2022
}